#
# There is insufficient memory for the Java Runtime Environment to continue.
# Native memory allocation (mmap) failed to map 54525952 bytes for Failed to commit area from 0x00000000cc200000 to 0x00000000cf600000 of length 54525952.
# Possible reasons:
#   The system is out of physical RAM or swap space
#   The process is running with CompressedOops enabled, and the Java Heap may be blocking the growth of the native heap
# Possible solutions:
#   Reduce memory load on the system
#   Increase physical memory or swap space
#   Check if swap backing store is full
#   Decrease Java heap size (-Xmx/-Xms)
#   Decrease number of Java threads
#   Decrease Java thread stack sizes (-Xss)
#   Set larger code cache with -XX:ReservedCodeCacheSize=
#   JVM is running with Unscaled Compressed Oops mode in which the Java heap is
#     placed in the first 4GB address space. The Java Heap base address is the
#     maximum limit for the native heap growth. Please use -XX:HeapBaseMinAddress
#     to set the Java Heap base and to place the Java Heap above 4GB virtual address.
# This output file may be truncated or incomplete.
#
#  Out of Memory Error (./open/src/hotspot/os/windows/os_windows.cpp:3315), pid=6104, tid=5640
#
# JRE version:  (14.0.1+7) (build )
# Java VM: Java HotSpot(TM) 64-Bit Server VM (14.0.1+7, mixed mode, sharing, tiered, compressed oops, g1 gc, windows-amd64)
# No core dump will be written. Minidumps are not enabled by default on client versions of Windows
#

---------------  S U M M A R Y ------------

Command Line: -Dfile.encoding=Cp1252 Hotel.Management.System.PickUp

Host: Intel(R) Core(TM)2 Duo CPU     E7500  @ 2.93GHz, 2 cores, 3G,  Windows 10 , 64 bit Build 10240 (10.0.10240.16384)
Time: Mon Oct  5 18:14:00 2020 India Standard Time elapsed time: 0 seconds (0d 0h 0m 0s)

---------------  T H R E A D  ---------------

Current thread (0x000000fd5fbd6000):  JavaThread "Unknown thread" [_thread_in_vm, id=5640, stack(0x000000fd5f2c0000,0x000000fd5f3c0000)]

Stack: [0x000000fd5f2c0000,0x000000fd5f3c0000]
Native frames: (J=compiled Java code, j=interpreted, Vv=VM code, C=native code)
V  [jvm.dll+0x5f840a]
V  [jvm.dll+0x741e4a]
V  [jvm.dll+0x7435ff]
V  [jvm.dll+0x743c43]
V  [jvm.dll+0x20d288]
V  [jvm.dll+0x5f57ba]
V  [jvm.dll+0x5ea615]
V  [jvm.dll+0x2c7e9c]
V  [jvm.dll+0x2c7cd2]
V  [jvm.dll+0x2cdbbc]
V  [jvm.dll+0x313ff8]
V  [jvm.dll+0x313720]
V  [jvm.dll+0x2a092a]
V  [jvm.dll+0x2a1a79]
V  [jvm.dll+0x71f718]
V  [jvm.dll+0x321c44]
V  [jvm.dll+0x700b0c]
V  [jvm.dll+0x392dff]
V  [jvm.dll+0x394e71]
C  [jli.dll+0x523b]
C  [ucrtbase.dll+0x682dd]
C  [KERNEL32.DLL+0x12d92]
C  [ntdll.dll+0x9f64]


---------------  P R O C E S S  ---------------

Threads class SMR info:
_java_thread_list=0x00007ffceab63078, length=0, elements={
}

Java Threads: ( => current thread )

Other Threads:
  0x000000fd5fbff800 GCTaskThread "GC Thread#0" [stack: 0x000000fd78f30000,0x000000fd79030000] [id=3520]
  0x000000fd5fc07800 ConcurrentGCThread "G1 Main Marker" [stack: 0x000000fd79030000,0x000000fd79130000] [id=5636]
  0x000000fd5fc0a800 ConcurrentGCThread "G1 Conc#0" [stack: 0x000000fd79130000,0x000000fd79230000] [id=13192]

[error occurred during error reporting (printing all threads), id 0xc0000005, EXCEPTION_ACCESS_VIOLATION (0xc0000005) at pc=0x00007ffcea391257]

VM state:not at safepoint (not fully initialized)

VM Mutex/Monitor currently owned by a thread:  ([mutex/lock_event])
[0x000000fd5d8cadb0] Heap_lock - owner thread: 0x000000fd5fbd6000

Heap address: 0x00000000cc200000, size: 830 MB, Compressed Oops mode: 32-bit
Narrow klass base: 0x0000000000000000, Narrow klass shift: 0

GC Heap History (0 events):
No events

Deoptimization events (0 events):
No events

Classes unloaded (0 events):
No events

Classes redefined (0 events):
No events

Internal exceptions (0 events):
No events

Events (2 events):
Event: 0.008 Loaded shared library C:\Program Files\Java\jdk-14.0.1\bin\java.dll
Event: 0.009 Loaded shared library C:\Program Files\Java\jdk-14.0.1\bin\zip.dll


Dynamic libraries:
0x00007ff6ff5c0000 - 0x00007ff6ff5cf000 	C:\Program Files\Java\jdk-14.0.1\bin\javaw.exe
0x00007ffd07990000 - 0x00007ffd07b52000 	C:\Windows\SYSTEM32\ntdll.dll
0x00007ffd051b0000 - 0x00007ffd0525d000 	C:\Windows\system32\KERNEL32.DLL
0x00007ffd04dd0000 - 0x00007ffd04fad000 	C:\Windows\system32\KERNELBASE.dll
0x00007ffcfd970000 - 0x00007ffcfd988000 	C:\Program Files\Java\jdk-14.0.1\bin\jli.dll
0x00007ffcf7460000 - 0x00007ffcf7475000 	C:\Program Files\Java\jdk-14.0.1\bin\VCRUNTIME140.dll
0x00007ffcfce30000 - 0x00007ffcfcf22000 	C:\Windows\SYSTEM32\ucrtbase.dll
0x00007ffd05260000 - 0x00007ffd05306000 	C:\Windows\system32\ADVAPI32.dll
0x00007ffd05530000 - 0x00007ffd055cd000 	C:\Windows\system32\msvcrt.dll
0x00007ffd054d0000 - 0x00007ffd0552b000 	C:\Windows\system32\sechost.dll
0x00007ffd07360000 - 0x00007ffd07486000 	C:\Windows\system32\RPCRT4.dll
0x00007ffd07840000 - 0x00007ffd0798e000 	C:\Windows\system32\USER32.dll
0x00007ffd07490000 - 0x00007ffd07615000 	C:\Windows\system32\GDI32.dll
0x00007ffcf5f50000 - 0x00007ffcf61c4000 	C:\Windows\WinSxS\amd64_microsoft.windows.common-controls_6595b64144ccf1df_6.0.10240.16384_none_f41f7b285750ef43\COMCTL32.dll
0x00007ffcfb2b0000 - 0x00007ffcfb2ba000 	C:\Windows\SYSTEM32\VERSION.dll
0x00007ffd06fd0000 - 0x00007ffd07006000 	C:\Windows\system32\IMM32.DLL
0x00007ffd06b60000 - 0x00007ffd06cbc000 	C:\Windows\system32\MSCTF.dll
0x00007ffceaea0000 - 0x00007ffceaf3b000 	C:\Program Files\Java\jdk-14.0.1\bin\msvcp140.dll
0x00007ffcea0e0000 - 0x00007ffceabfe000 	C:\Program Files\Java\jdk-14.0.1\bin\server\jvm.dll
0x00007ffd07020000 - 0x00007ffd07028000 	C:\Windows\system32\PSAPI.DLL
0x00007ffcfd6b0000 - 0x00007ffcfd6b9000 	C:\Windows\SYSTEM32\WSOCK32.dll
0x00007ffd077d0000 - 0x00007ffd07839000 	C:\Windows\system32\WS2_32.dll
0x00007ffd05310000 - 0x00007ffd05318000 	C:\Windows\system32\NSI.dll
0x00007ffcf5400000 - 0x00007ffcf5423000 	C:\Windows\SYSTEM32\WINMM.dll
0x00007ffcf53d0000 - 0x00007ffcf53fc000 	C:\Windows\SYSTEM32\WINMMBASE.dll
0x00007ffd04a90000 - 0x00007ffd04ad4000 	C:\Windows\system32\cfgmgr32.dll
0x00007ffd02d30000 - 0x00007ffd02d57000 	C:\Windows\SYSTEM32\DEVOBJ.dll
0x00007ffd04400000 - 0x00007ffd0440f000 	C:\Windows\system32\kernel.appcore.dll
0x00007ffcfd6a0000 - 0x00007ffcfd6aa000 	C:\Program Files\Java\jdk-14.0.1\bin\jimage.dll
0x00007ffcf9900000 - 0x00007ffcf9a8a000 	C:\Windows\SYSTEM32\DBGHELP.DLL
0x00007ffcfa510000 - 0x00007ffcfa535000 	C:\Windows\SYSTEM32\dbgcore.DLL
0x00007ffcfcca0000 - 0x00007ffcfccc5000 	C:\Program Files\Java\jdk-14.0.1\bin\java.dll
0x00007ffcf94f0000 - 0x00007ffcf9506000 	C:\Program Files\Java\jdk-14.0.1\bin\zip.dll

dbghelp: loaded successfully - version: 4.0.5 - missing functions: none
symbol engine: initialized successfully - sym options: 0x614 - pdb path: .;C:\Program Files\Java\jdk-14.0.1\bin;C:\Windows\SYSTEM32;C:\Windows\WinSxS\amd64_microsoft.windows.common-controls_6595b64144ccf1df_6.0.10240.16384_none_f41f7b285750ef43;C:\Program Files\Java\jdk-14.0.1\bin\server

VM Arguments:
jvm_args: -Dfile.encoding=Cp1252 
java_command: Hotel.Management.System.PickUp
java_class_path (initial): C:\Users\Vijay\eclipse-workspace\Hotel Management System\bin;C:\Program Files (x86)\MySQL\Connector J 8.0\mysql-connector-java-8.0.21.jar;C:\Users\Vijay\eclipse-workspace\Hotel Management System\resources\rs2xml.jar
Launcher Type: SUN_STANDARD

[Global flags]
     intx CICompilerCount                          = 2                                         {product} {ergonomic}
     uint ConcGCThreads                            = 1                                         {product} {ergonomic}
     uint G1ConcRefinementThreads                  = 2                                         {product} {ergonomic}
   size_t G1HeapRegionSize                         = 1048576                                   {product} {ergonomic}
    uintx GCDrainStackTargetSize                   = 64                                        {product} {ergonomic}
   size_t InitialHeapSize                          = 54525952                                  {product} {ergonomic}
   size_t MarkStackSize                            = 4194304                                   {product} {ergonomic}
   size_t MaxHeapSize                              = 870318080                                 {product} {ergonomic}
   size_t MinHeapDeltaBytes                        = 1048576                                   {product} {ergonomic}
   size_t MinHeapSize                              = 8388608                                   {product} {ergonomic}
    uintx NonNMethodCodeHeapSize                   = 5826188                                {pd product} {ergonomic}
    uintx NonProfiledCodeHeapSize                  = 122916026                              {pd product} {ergonomic}
    uintx ProfiledCodeHeapSize                     = 122916026                              {pd product} {ergonomic}
    uintx ReservedCodeCacheSize                    = 251658240                              {pd product} {ergonomic}
     bool SegmentedCodeCache                       = true                                      {product} {ergonomic}
   size_t SoftMaxHeapSize                          = 870318080                              {manageable} {ergonomic}
     bool UseCompressedClassPointers               = true                                 {lp64_product} {ergonomic}
     bool UseCompressedOops                        = true                                 {lp64_product} {ergonomic}
     bool UseG1GC                                  = true                                      {product} {ergonomic}
     bool UseLargePagesIndividualAllocation        = false                                  {pd product} {ergonomic}

Logging:
Log output configuration:
 #0: stdout all=warning uptime,level,tags
 #1: stderr all=off uptime,level,tags

Environment Variables:
PATH=C:/Program Files/Java/jdk-14.0.1/bin/server;C:/Program Files/Java/jdk-14.0.1/bin;C:\Windows\System32;C:\Program Files\Java\jdk-14.0.1\bin;C:\Program Files\Git\bin\git.exe;C:\Program Files\Git\cmd;C:\Program Files\MySQL\MySQL Shell 8.0\bin\;C:\src\flutter\bin;C:\Users\Vijay\Desktop;
USERNAME=Vijay
OS=Windows_NT
PROCESSOR_IDENTIFIER=Intel64 Family 6 Model 23 Stepping 10, GenuineIntel



---------------  S Y S T E M  ---------------

OS: Windows 10 , 64 bit Build 10240 (10.0.10240.16384)
OS uptime: 0 days 3:02 hours

CPU:total 2 (initial active 2) (2 cores per cpu, 1 threads per core) family 6 model 23 stepping 10, cmov, cx8, fxsr, mmx, sse, sse2, sse3, ssse3, sse4.1, tsc

Memory: 4k page, system-wide physical 3318M (176M free)
TotalPageFile size 12055M (AvailPageFile size 35M)
current process WorkingSet (physical memory assigned to process): 9M, peak: 9M
current process commit charge ("private bytes"): 47M, peak: 99M

vm_info: Java HotSpot(TM) 64-Bit Server VM (14.0.1+7) for windows-amd64 JRE (14.0.1+7), built on Mar  5 2020 10:30:14 by "mach5one" with MS VC++ 15.9 (VS2017)

END.
